<?xml version="1.0" encoding="UTF-8"?>
<!-- Generated by org.testng.reporters.JUnitReportReporter -->
<testsuite skipped="0" hostname="DESKTOP-62NCO35" name="Test_Cases.TC1_Login" tests="1" failures="0" timestamp="2021-05-24T02:07:58 PDT" time="35.605" errors="0">
  <testcase name="login" time="35.605" classname="Test_Cases.TC1_Login"/>
  <system-out/>
</testsuite> <!-- Test_Cases.TC1_Login -->
